<?xml version="1.0" encoding="UTF-8"?>
<!-- Generated by org.testng.reporters.JUnitReportReporter -->
<testsuite hostname="LIN20005127" failures="0" tests="2" name="MovieInformationValidation" time="37.626" errors="0" timestamp="2022-10-21T22:25:05 IST" skipped="0">
  <testcase classname="MovieInformationValidation" name="CompareMovieDataFromImdbAndWiki" time="21.026"/>
  <system-out/>
  <testcase classname="MovieInformationValidation" name="CompareMovieDataFromImdbAndWiki" time="16.600"/>
  <system-out/>
</testsuite> <!-- MovieInformationValidation -->
