<?xml version="1.0" encoding="UTF-8"?>
<!-- Generated by org.testng.reporters.JUnitReportReporter -->
<testsuite hostname="LIN20005127" failures="0" tests="2" name="MovieInformationValidationTest" time="33.941" errors="0" timestamp="2022-10-22T01:48:57 IST" skipped="0">
  <testcase classname="MovieInformationValidationTest" name="CompareMovieDataFromImdbAndWiki" time="16.567"/>
  <system-out/>
  <testcase classname="MovieInformationValidationTest" name="CompareMovieDataFromImdbAndWiki" time="17.374"/>
  <system-out/>
</testsuite> <!-- MovieInformationValidationTest -->
