<?xml version="1.0" encoding="UTF-8"?>
<!-- Generated by org.testng.reporters.JUnitReportReporter -->
<testsuite hostname="LIN20005127" failures="0" tests="2" name="MovieInformationValidationTest" time="32.345" errors="0" timestamp="2022-10-21T23:36:02 IST" skipped="0">
  <testcase classname="MovieInformationValidationTest" name="CompareMovieDataFromImdbAndWiki" time="16.888"/>
  <system-out/>
  <testcase classname="MovieInformationValidationTest" name="CompareMovieDataFromImdbAndWiki" time="15.457"/>
  <system-out/>
</testsuite> <!-- MovieInformationValidationTest -->
