<?xml version="1.0" encoding="UTF-8"?>
<!-- Generated by org.testng.reporters.JUnitReportReporter -->
<testsuite hostname="LIN20005127" failures="0" tests="2" name="MovieInformationValidationTest" time="39.664" errors="0" timestamp="2022-10-21T23:32:36 IST" skipped="0">
  <testcase classname="MovieInformationValidationTest" name="CompareMovieDataFromImdbAndWiki" time="20.042"/>
  <system-out/>
  <testcase classname="MovieInformationValidationTest" name="CompareMovieDataFromImdbAndWiki" time="19.622"/>
  <system-out/>
</testsuite> <!-- MovieInformationValidationTest -->
