<?xml version="1.0" encoding="UTF-8"?>
<!-- Generated by org.testng.reporters.JUnitReportReporter -->
<testsuite hostname="LIN20005127" failures="0" tests="3" name="test.MovieInformationValidationTest" time="60.026" errors="0" timestamp="2022-10-22T14:37:00 IST" skipped="0">
  <testcase classname="test.MovieInformationValidationTest" name="CompareMovieDataFromImdbAndWiki" time="22.959"/>
  <system-out/>
  <testcase classname="test.MovieInformationValidationTest" name="CompareMovieDataFromImdbAndWiki" time="17.926"/>
  <system-out/>
  <testcase classname="test.MovieInformationValidationTest" name="CompareMovieDataFromImdbAndWiki" time="19.141"/>
  <system-out/>
</testsuite> <!-- test.MovieInformationValidationTest -->
